<?xml version="1.0" encoding="UTF-8"?>
<testsuite xmlns:xsi="http://www.w3.org/2001/XMLSchema-instance" xsi:noNamespaceSchemaLocation="https://maven.apache.org/surefire/maven-surefire-plugin/xsd/surefire-test-report.xsd" name="com.uk.elasticsearch.ElasticsearchApplicationTests" time="7.228" tests="1" errors="0" skipped="0" failures="0">
  <properties>
    <property name="sun.desktop" value="windows"/>
    <property name="awt.toolkit" value="sun.awt.windows.WToolkit"/>
    <property name="java.specification.version" value="11"/>
    <property name="sun.cpu.isalist" value="amd64"/>
    <property name="sun.jnu.encoding" value="Cp1252"/>
    <property name="java.class.path" value="C:\dev\eclipse-workspace\elasticsearch\target\test-classes;C:\dev\eclipse-workspace\elasticsearch\target\classes;C:\Users\unal.kayaduman\.m2\repository\org\springframework\boot\spring-boot-starter-data-elasticsearch\2.6.1\spring-boot-starter-data-elasticsearch-2.6.1.jar;C:\Users\unal.kayaduman\.m2\repository\org\springframework\boot\spring-boot-starter\2.6.1\spring-boot-starter-2.6.1.jar;C:\Users\unal.kayaduman\.m2\repository\org\springframework\boot\spring-boot\2.6.1\spring-boot-2.6.1.jar;C:\Users\unal.kayaduman\.m2\repository\org\springframework\boot\spring-boot-autoconfigure\2.6.1\spring-boot-autoconfigure-2.6.1.jar;C:\Users\unal.kayaduman\.m2\repository\org\springframework\boot\spring-boot-starter-logging\2.6.1\spring-boot-starter-logging-2.6.1.jar;C:\Users\unal.kayaduman\.m2\repository\ch\qos\logback\logback-classic\1.2.7\logback-classic-1.2.7.jar;C:\Users\unal.kayaduman\.m2\repository\ch\qos\logback\logback-core\1.2.7\logback-core-1.2.7.jar;C:\Users\unal.kayaduman\.m2\repository\org\apache\logging\log4j\log4j-to-slf4j\2.14.1\log4j-to-slf4j-2.14.1.jar;C:\Users\unal.kayaduman\.m2\repository\org\apache\logging\log4j\log4j-api\2.14.1\log4j-api-2.14.1.jar;C:\Users\unal.kayaduman\.m2\repository\org\slf4j\jul-to-slf4j\1.7.32\jul-to-slf4j-1.7.32.jar;C:\Users\unal.kayaduman\.m2\repository\jakarta\annotation\jakarta.annotation-api\1.3.5\jakarta.annotation-api-1.3.5.jar;C:\Users\unal.kayaduman\.m2\repository\org\yaml\snakeyaml\1.29\snakeyaml-1.29.jar;C:\Users\unal.kayaduman\.m2\repository\org\springframework\data\spring-data-elasticsearch\4.3.0\spring-data-elasticsearch-4.3.0.jar;C:\Users\unal.kayaduman\.m2\repository\org\springframework\spring-context\5.3.13\spring-context-5.3.13.jar;C:\Users\unal.kayaduman\.m2\repository\org\springframework\spring-tx\5.3.13\spring-tx-5.3.13.jar;C:\Users\unal.kayaduman\.m2\repository\org\springframework\data\spring-data-commons\2.6.0\spring-data-commons-2.6.0.jar;C:\Users\unal.kayaduman\.m2\repository\org\elasticsearch\plugin\transport-netty4-client\7.15.2\transport-netty4-client-7.15.2.jar;C:\Users\unal.kayaduman\.m2\repository\io\netty\netty-buffer\4.1.70.Final\netty-buffer-4.1.70.Final.jar;C:\Users\unal.kayaduman\.m2\repository\io\netty\netty-codec\4.1.70.Final\netty-codec-4.1.70.Final.jar;C:\Users\unal.kayaduman\.m2\repository\io\netty\netty-codec-http\4.1.70.Final\netty-codec-http-4.1.70.Final.jar;C:\Users\unal.kayaduman\.m2\repository\io\netty\netty-common\4.1.70.Final\netty-common-4.1.70.Final.jar;C:\Users\unal.kayaduman\.m2\repository\io\netty\netty-handler\4.1.70.Final\netty-handler-4.1.70.Final.jar;C:\Users\unal.kayaduman\.m2\repository\io\netty\netty-resolver\4.1.70.Final\netty-resolver-4.1.70.Final.jar;C:\Users\unal.kayaduman\.m2\repository\io\netty\netty-transport\4.1.70.Final\netty-transport-4.1.70.Final.jar;C:\Users\unal.kayaduman\.m2\repository\org\elasticsearch\client\elasticsearch-rest-high-level-client\7.15.2\elasticsearch-rest-high-level-client-7.15.2.jar;C:\Users\unal.kayaduman\.m2\repository\org\elasticsearch\elasticsearch\7.15.2\elasticsearch-7.15.2.jar;C:\Users\unal.kayaduman\.m2\repository\org\elasticsearch\elasticsearch-core\7.15.2\elasticsearch-core-7.15.2.jar;C:\Users\unal.kayaduman\.m2\repository\org\elasticsearch\elasticsearch-secure-sm\7.15.2\elasticsearch-secure-sm-7.15.2.jar;C:\Users\unal.kayaduman\.m2\repository\org\elasticsearch\elasticsearch-x-content\7.15.2\elasticsearch-x-content-7.15.2.jar;C:\Users\unal.kayaduman\.m2\repository\com\fasterxml\jackson\dataformat\jackson-dataformat-smile\2.13.0\jackson-dataformat-smile-2.13.0.jar;C:\Users\unal.kayaduman\.m2\repository\com\fasterxml\jackson\dataformat\jackson-dataformat-yaml\2.13.0\jackson-dataformat-yaml-2.13.0.jar;C:\Users\unal.kayaduman\.m2\repository\com\fasterxml\jackson\dataformat\jackson-dataformat-cbor\2.13.0\jackson-dataformat-cbor-2.13.0.jar;C:\Users\unal.kayaduman\.m2\repository\org\elasticsearch\elasticsearch-geo\7.15.2\elasticsearch-geo-7.15.2.jar;C:\Users\unal.kayaduman\.m2\repository\org\apache\lucene\lucene-core\8.9.0\lucene-core-8.9.0.jar;C:\Users\unal.kayaduman\.m2\repository\org\apache\lucene\lucene-analyzers-common\8.9.0\lucene-analyzers-common-8.9.0.jar;C:\Users\unal.kayaduman\.m2\repository\org\apache\lucene\lucene-backward-codecs\8.9.0\lucene-backward-codecs-8.9.0.jar;C:\Users\unal.kayaduman\.m2\repository\org\apache\lucene\lucene-grouping\8.9.0\lucene-grouping-8.9.0.jar;C:\Users\unal.kayaduman\.m2\repository\org\apache\lucene\lucene-highlighter\8.9.0\lucene-highlighter-8.9.0.jar;C:\Users\unal.kayaduman\.m2\repository\org\apache\lucene\lucene-join\8.9.0\lucene-join-8.9.0.jar;C:\Users\unal.kayaduman\.m2\repository\org\apache\lucene\lucene-memory\8.9.0\lucene-memory-8.9.0.jar;C:\Users\unal.kayaduman\.m2\repository\org\apache\lucene\lucene-misc\8.9.0\lucene-misc-8.9.0.jar;C:\Users\unal.kayaduman\.m2\repository\org\apache\lucene\lucene-queries\8.9.0\lucene-queries-8.9.0.jar;C:\Users\unal.kayaduman\.m2\repository\org\apache\lucene\lucene-queryparser\8.9.0\lucene-queryparser-8.9.0.jar;C:\Users\unal.kayaduman\.m2\repository\org\apache\lucene\lucene-sandbox\8.9.0\lucene-sandbox-8.9.0.jar;C:\Users\unal.kayaduman\.m2\repository\org\apache\lucene\lucene-spatial-extras\8.9.0\lucene-spatial-extras-8.9.0.jar;C:\Users\unal.kayaduman\.m2\repository\org\apache\lucene\lucene-spatial3d\8.9.0\lucene-spatial3d-8.9.0.jar;C:\Users\unal.kayaduman\.m2\repository\org\apache\lucene\lucene-suggest\8.9.0\lucene-suggest-8.9.0.jar;C:\Users\unal.kayaduman\.m2\repository\org\elasticsearch\elasticsearch-cli\7.15.2\elasticsearch-cli-7.15.2.jar;C:\Users\unal.kayaduman\.m2\repository\net\sf\jopt-simple\jopt-simple\5.0.2\jopt-simple-5.0.2.jar;C:\Users\unal.kayaduman\.m2\repository\com\carrotsearch\hppc\0.8.1\hppc-0.8.1.jar;C:\Users\unal.kayaduman\.m2\repository\org\lz4\lz4-java\1.8.0\lz4-java-1.8.0.jar;C:\Users\unal.kayaduman\.m2\repository\joda-time\joda-time\2.10.10\joda-time-2.10.10.jar;C:\Users\unal.kayaduman\.m2\repository\com\tdunning\t-digest\3.2\t-digest-3.2.jar;C:\Users\unal.kayaduman\.m2\repository\org\hdrhistogram\HdrHistogram\2.1.9\HdrHistogram-2.1.9.jar;C:\Users\unal.kayaduman\.m2\repository\org\elasticsearch\jna\5.7.0-1\jna-5.7.0-1.jar;C:\Users\unal.kayaduman\.m2\repository\org\elasticsearch\elasticsearch-plugin-classloader\7.15.2\elasticsearch-plugin-classloader-7.15.2.jar;C:\Users\unal.kayaduman\.m2\repository\org\elasticsearch\client\elasticsearch-rest-client\7.15.2\elasticsearch-rest-client-7.15.2.jar;C:\Users\unal.kayaduman\.m2\repository\org\apache\httpcomponents\httpclient\4.5.13\httpclient-4.5.13.jar;C:\Users\unal.kayaduman\.m2\repository\org\apache\httpcomponents\httpcore\4.4.14\httpcore-4.4.14.jar;C:\Users\unal.kayaduman\.m2\repository\org\apache\httpcomponents\httpasyncclient\4.1.4\httpasyncclient-4.1.4.jar;C:\Users\unal.kayaduman\.m2\repository\org\apache\httpcomponents\httpcore-nio\4.4.14\httpcore-nio-4.4.14.jar;C:\Users\unal.kayaduman\.m2\repository\commons-codec\commons-codec\1.15\commons-codec-1.15.jar;C:\Users\unal.kayaduman\.m2\repository\org\elasticsearch\plugin\mapper-extras-client\7.15.2\mapper-extras-client-7.15.2.jar;C:\Users\unal.kayaduman\.m2\repository\org\elasticsearch\plugin\parent-join-client\7.15.2\parent-join-client-7.15.2.jar;C:\Users\unal.kayaduman\.m2\repository\org\elasticsearch\plugin\aggs-matrix-stats-client\7.15.2\aggs-matrix-stats-client-7.15.2.jar;C:\Users\unal.kayaduman\.m2\repository\org\elasticsearch\plugin\rank-eval-client\7.15.2\rank-eval-client-7.15.2.jar;C:\Users\unal.kayaduman\.m2\repository\org\elasticsearch\plugin\lang-mustache-client\7.15.2\lang-mustache-client-7.15.2.jar;C:\Users\unal.kayaduman\.m2\repository\com\github\spullara\mustache\java\compiler\0.9.6\compiler-0.9.6.jar;C:\Users\unal.kayaduman\.m2\repository\com\fasterxml\jackson\core\jackson-core\2.13.0\jackson-core-2.13.0.jar;C:\Users\unal.kayaduman\.m2\repository\com\fasterxml\jackson\core\jackson-databind\2.13.0\jackson-databind-2.13.0.jar;C:\Users\unal.kayaduman\.m2\repository\com\fasterxml\jackson\core\jackson-annotations\2.13.0\jackson-annotations-2.13.0.jar;C:\Users\unal.kayaduman\.m2\repository\org\slf4j\slf4j-api\1.7.32\slf4j-api-1.7.32.jar;C:\Users\unal.kayaduman\.m2\repository\org\springframework\boot\spring-boot-starter-web\2.6.1\spring-boot-starter-web-2.6.1.jar;C:\Users\unal.kayaduman\.m2\repository\org\springframework\boot\spring-boot-starter-json\2.6.1\spring-boot-starter-json-2.6.1.jar;C:\Users\unal.kayaduman\.m2\repository\com\fasterxml\jackson\datatype\jackson-datatype-jdk8\2.13.0\jackson-datatype-jdk8-2.13.0.jar;C:\Users\unal.kayaduman\.m2\repository\com\fasterxml\jackson\datatype\jackson-datatype-jsr310\2.13.0\jackson-datatype-jsr310-2.13.0.jar;C:\Users\unal.kayaduman\.m2\repository\com\fasterxml\jackson\module\jackson-module-parameter-names\2.13.0\jackson-module-parameter-names-2.13.0.jar;C:\Users\unal.kayaduman\.m2\repository\org\springframework\boot\spring-boot-starter-tomcat\2.6.1\spring-boot-starter-tomcat-2.6.1.jar;C:\Users\unal.kayaduman\.m2\repository\org\apache\tomcat\embed\tomcat-embed-core\9.0.55\tomcat-embed-core-9.0.55.jar;C:\Users\unal.kayaduman\.m2\repository\org\apache\tomcat\embed\tomcat-embed-el\9.0.55\tomcat-embed-el-9.0.55.jar;C:\Users\unal.kayaduman\.m2\repository\org\apache\tomcat\embed\tomcat-embed-websocket\9.0.55\tomcat-embed-websocket-9.0.55.jar;C:\Users\unal.kayaduman\.m2\repository\org\springframework\spring-web\5.3.13\spring-web-5.3.13.jar;C:\Users\unal.kayaduman\.m2\repository\org\springframework\spring-beans\5.3.13\spring-beans-5.3.13.jar;C:\Users\unal.kayaduman\.m2\repository\org\springframework\spring-webmvc\5.3.13\spring-webmvc-5.3.13.jar;C:\Users\unal.kayaduman\.m2\repository\org\springframework\spring-aop\5.3.13\spring-aop-5.3.13.jar;C:\Users\unal.kayaduman\.m2\repository\org\springframework\spring-expression\5.3.13\spring-expression-5.3.13.jar;C:\Users\unal.kayaduman\.m2\repository\org\projectlombok\lombok\1.18.22\lombok-1.18.22.jar;C:\Users\unal.kayaduman\.m2\repository\org\springframework\boot\spring-boot-starter-test\2.6.1\spring-boot-starter-test-2.6.1.jar;C:\Users\unal.kayaduman\.m2\repository\org\springframework\boot\spring-boot-test\2.6.1\spring-boot-test-2.6.1.jar;C:\Users\unal.kayaduman\.m2\repository\org\springframework\boot\spring-boot-test-autoconfigure\2.6.1\spring-boot-test-autoconfigure-2.6.1.jar;C:\Users\unal.kayaduman\.m2\repository\com\jayway\jsonpath\json-path\2.6.0\json-path-2.6.0.jar;C:\Users\unal.kayaduman\.m2\repository\net\minidev\json-smart\2.4.7\json-smart-2.4.7.jar;C:\Users\unal.kayaduman\.m2\repository\net\minidev\accessors-smart\2.4.7\accessors-smart-2.4.7.jar;C:\Users\unal.kayaduman\.m2\repository\org\ow2\asm\asm\9.1\asm-9.1.jar;C:\Users\unal.kayaduman\.m2\repository\jakarta\xml\bind\jakarta.xml.bind-api\2.3.3\jakarta.xml.bind-api-2.3.3.jar;C:\Users\unal.kayaduman\.m2\repository\jakarta\activation\jakarta.activation-api\1.2.2\jakarta.activation-api-1.2.2.jar;C:\Users\unal.kayaduman\.m2\repository\org\assertj\assertj-core\3.21.0\assertj-core-3.21.0.jar;C:\Users\unal.kayaduman\.m2\repository\org\hamcrest\hamcrest\2.2\hamcrest-2.2.jar;C:\Users\unal.kayaduman\.m2\repository\org\junit\jupiter\junit-jupiter\5.8.1\junit-jupiter-5.8.1.jar;C:\Users\unal.kayaduman\.m2\repository\org\junit\jupiter\junit-jupiter-api\5.8.1\junit-jupiter-api-5.8.1.jar;C:\Users\unal.kayaduman\.m2\repository\org\opentest4j\opentest4j\1.2.0\opentest4j-1.2.0.jar;C:\Users\unal.kayaduman\.m2\repository\org\junit\platform\junit-platform-commons\1.8.1\junit-platform-commons-1.8.1.jar;C:\Users\unal.kayaduman\.m2\repository\org\apiguardian\apiguardian-api\1.1.2\apiguardian-api-1.1.2.jar;C:\Users\unal.kayaduman\.m2\repository\org\junit\jupiter\junit-jupiter-params\5.8.1\junit-jupiter-params-5.8.1.jar;C:\Users\unal.kayaduman\.m2\repository\org\junit\jupiter\junit-jupiter-engine\5.8.1\junit-jupiter-engine-5.8.1.jar;C:\Users\unal.kayaduman\.m2\repository\org\junit\platform\junit-platform-engine\1.8.1\junit-platform-engine-1.8.1.jar;C:\Users\unal.kayaduman\.m2\repository\org\mockito\mockito-core\4.0.0\mockito-core-4.0.0.jar;C:\Users\unal.kayaduman\.m2\repository\net\bytebuddy\byte-buddy\1.11.22\byte-buddy-1.11.22.jar;C:\Users\unal.kayaduman\.m2\repository\net\bytebuddy\byte-buddy-agent\1.11.22\byte-buddy-agent-1.11.22.jar;C:\Users\unal.kayaduman\.m2\repository\org\objenesis\objenesis\3.2\objenesis-3.2.jar;C:\Users\unal.kayaduman\.m2\repository\org\mockito\mockito-junit-jupiter\4.0.0\mockito-junit-jupiter-4.0.0.jar;C:\Users\unal.kayaduman\.m2\repository\org\skyscreamer\jsonassert\1.5.0\jsonassert-1.5.0.jar;C:\Users\unal.kayaduman\.m2\repository\com\vaadin\external\google\android-json\0.0.20131108.vaadin1\android-json-0.0.20131108.vaadin1.jar;C:\Users\unal.kayaduman\.m2\repository\org\springframework\spring-core\5.3.13\spring-core-5.3.13.jar;C:\Users\unal.kayaduman\.m2\repository\org\springframework\spring-jcl\5.3.13\spring-jcl-5.3.13.jar;C:\Users\unal.kayaduman\.m2\repository\org\springframework\spring-test\5.3.13\spring-test-5.3.13.jar;C:\Users\unal.kayaduman\.m2\repository\org\xmlunit\xmlunit-core\2.8.3\xmlunit-core-2.8.3.jar;"/>
    <property name="java.vm.vendor" value="Oracle Corporation"/>
    <property name="sun.arch.data.model" value="64"/>
    <property name="user.variant" value=""/>
    <property name="java.vendor.url" value="https://openjdk.java.net/"/>
    <property name="user.timezone" value="Asia/Istanbul"/>
    <property name="java.vm.specification.version" value="11"/>
    <property name="os.name" value="Windows 10"/>
    <property name="sun.java.launcher" value="SUN_STANDARD"/>
    <property name="user.country" value="US"/>
    <property name="sun.boot.library.path" value="C:\Program Files\Java\jdk-11.0.11\bin"/>
    <property name="sun.java.command" value="C:\Users\UNAL~1.KAY\AppData\Local\Temp\surefire12757746484062877901\surefirebooter4900542857911001444.jar C:\Users\unal.kayaduman\AppData\Local\Temp\surefire12757746484062877901 2021-12-16T12-45-32_882-jvmRun1 surefire5708832729620251382tmp surefire_03767878246151726503tmp"/>
    <property name="jdk.debug" value="release"/>
    <property name="surefire.test.class.path" value="C:\dev\eclipse-workspace\elasticsearch\target\test-classes;C:\dev\eclipse-workspace\elasticsearch\target\classes;C:\Users\unal.kayaduman\.m2\repository\org\springframework\boot\spring-boot-starter-data-elasticsearch\2.6.1\spring-boot-starter-data-elasticsearch-2.6.1.jar;C:\Users\unal.kayaduman\.m2\repository\org\springframework\boot\spring-boot-starter\2.6.1\spring-boot-starter-2.6.1.jar;C:\Users\unal.kayaduman\.m2\repository\org\springframework\boot\spring-boot\2.6.1\spring-boot-2.6.1.jar;C:\Users\unal.kayaduman\.m2\repository\org\springframework\boot\spring-boot-autoconfigure\2.6.1\spring-boot-autoconfigure-2.6.1.jar;C:\Users\unal.kayaduman\.m2\repository\org\springframework\boot\spring-boot-starter-logging\2.6.1\spring-boot-starter-logging-2.6.1.jar;C:\Users\unal.kayaduman\.m2\repository\ch\qos\logback\logback-classic\1.2.7\logback-classic-1.2.7.jar;C:\Users\unal.kayaduman\.m2\repository\ch\qos\logback\logback-core\1.2.7\logback-core-1.2.7.jar;C:\Users\unal.kayaduman\.m2\repository\org\apache\logging\log4j\log4j-to-slf4j\2.14.1\log4j-to-slf4j-2.14.1.jar;C:\Users\unal.kayaduman\.m2\repository\org\apache\logging\log4j\log4j-api\2.14.1\log4j-api-2.14.1.jar;C:\Users\unal.kayaduman\.m2\repository\org\slf4j\jul-to-slf4j\1.7.32\jul-to-slf4j-1.7.32.jar;C:\Users\unal.kayaduman\.m2\repository\jakarta\annotation\jakarta.annotation-api\1.3.5\jakarta.annotation-api-1.3.5.jar;C:\Users\unal.kayaduman\.m2\repository\org\yaml\snakeyaml\1.29\snakeyaml-1.29.jar;C:\Users\unal.kayaduman\.m2\repository\org\springframework\data\spring-data-elasticsearch\4.3.0\spring-data-elasticsearch-4.3.0.jar;C:\Users\unal.kayaduman\.m2\repository\org\springframework\spring-context\5.3.13\spring-context-5.3.13.jar;C:\Users\unal.kayaduman\.m2\repository\org\springframework\spring-tx\5.3.13\spring-tx-5.3.13.jar;C:\Users\unal.kayaduman\.m2\repository\org\springframework\data\spring-data-commons\2.6.0\spring-data-commons-2.6.0.jar;C:\Users\unal.kayaduman\.m2\repository\org\elasticsearch\plugin\transport-netty4-client\7.15.2\transport-netty4-client-7.15.2.jar;C:\Users\unal.kayaduman\.m2\repository\io\netty\netty-buffer\4.1.70.Final\netty-buffer-4.1.70.Final.jar;C:\Users\unal.kayaduman\.m2\repository\io\netty\netty-codec\4.1.70.Final\netty-codec-4.1.70.Final.jar;C:\Users\unal.kayaduman\.m2\repository\io\netty\netty-codec-http\4.1.70.Final\netty-codec-http-4.1.70.Final.jar;C:\Users\unal.kayaduman\.m2\repository\io\netty\netty-common\4.1.70.Final\netty-common-4.1.70.Final.jar;C:\Users\unal.kayaduman\.m2\repository\io\netty\netty-handler\4.1.70.Final\netty-handler-4.1.70.Final.jar;C:\Users\unal.kayaduman\.m2\repository\io\netty\netty-resolver\4.1.70.Final\netty-resolver-4.1.70.Final.jar;C:\Users\unal.kayaduman\.m2\repository\io\netty\netty-transport\4.1.70.Final\netty-transport-4.1.70.Final.jar;C:\Users\unal.kayaduman\.m2\repository\org\elasticsearch\client\elasticsearch-rest-high-level-client\7.15.2\elasticsearch-rest-high-level-client-7.15.2.jar;C:\Users\unal.kayaduman\.m2\repository\org\elasticsearch\elasticsearch\7.15.2\elasticsearch-7.15.2.jar;C:\Users\unal.kayaduman\.m2\repository\org\elasticsearch\elasticsearch-core\7.15.2\elasticsearch-core-7.15.2.jar;C:\Users\unal.kayaduman\.m2\repository\org\elasticsearch\elasticsearch-secure-sm\7.15.2\elasticsearch-secure-sm-7.15.2.jar;C:\Users\unal.kayaduman\.m2\repository\org\elasticsearch\elasticsearch-x-content\7.15.2\elasticsearch-x-content-7.15.2.jar;C:\Users\unal.kayaduman\.m2\repository\com\fasterxml\jackson\dataformat\jackson-dataformat-smile\2.13.0\jackson-dataformat-smile-2.13.0.jar;C:\Users\unal.kayaduman\.m2\repository\com\fasterxml\jackson\dataformat\jackson-dataformat-yaml\2.13.0\jackson-dataformat-yaml-2.13.0.jar;C:\Users\unal.kayaduman\.m2\repository\com\fasterxml\jackson\dataformat\jackson-dataformat-cbor\2.13.0\jackson-dataformat-cbor-2.13.0.jar;C:\Users\unal.kayaduman\.m2\repository\org\elasticsearch\elasticsearch-geo\7.15.2\elasticsearch-geo-7.15.2.jar;C:\Users\unal.kayaduman\.m2\repository\org\apache\lucene\lucene-core\8.9.0\lucene-core-8.9.0.jar;C:\Users\unal.kayaduman\.m2\repository\org\apache\lucene\lucene-analyzers-common\8.9.0\lucene-analyzers-common-8.9.0.jar;C:\Users\unal.kayaduman\.m2\repository\org\apache\lucene\lucene-backward-codecs\8.9.0\lucene-backward-codecs-8.9.0.jar;C:\Users\unal.kayaduman\.m2\repository\org\apache\lucene\lucene-grouping\8.9.0\lucene-grouping-8.9.0.jar;C:\Users\unal.kayaduman\.m2\repository\org\apache\lucene\lucene-highlighter\8.9.0\lucene-highlighter-8.9.0.jar;C:\Users\unal.kayaduman\.m2\repository\org\apache\lucene\lucene-join\8.9.0\lucene-join-8.9.0.jar;C:\Users\unal.kayaduman\.m2\repository\org\apache\lucene\lucene-memory\8.9.0\lucene-memory-8.9.0.jar;C:\Users\unal.kayaduman\.m2\repository\org\apache\lucene\lucene-misc\8.9.0\lucene-misc-8.9.0.jar;C:\Users\unal.kayaduman\.m2\repository\org\apache\lucene\lucene-queries\8.9.0\lucene-queries-8.9.0.jar;C:\Users\unal.kayaduman\.m2\repository\org\apache\lucene\lucene-queryparser\8.9.0\lucene-queryparser-8.9.0.jar;C:\Users\unal.kayaduman\.m2\repository\org\apache\lucene\lucene-sandbox\8.9.0\lucene-sandbox-8.9.0.jar;C:\Users\unal.kayaduman\.m2\repository\org\apache\lucene\lucene-spatial-extras\8.9.0\lucene-spatial-extras-8.9.0.jar;C:\Users\unal.kayaduman\.m2\repository\org\apache\lucene\lucene-spatial3d\8.9.0\lucene-spatial3d-8.9.0.jar;C:\Users\unal.kayaduman\.m2\repository\org\apache\lucene\lucene-suggest\8.9.0\lucene-suggest-8.9.0.jar;C:\Users\unal.kayaduman\.m2\repository\org\elasticsearch\elasticsearch-cli\7.15.2\elasticsearch-cli-7.15.2.jar;C:\Users\unal.kayaduman\.m2\repository\net\sf\jopt-simple\jopt-simple\5.0.2\jopt-simple-5.0.2.jar;C:\Users\unal.kayaduman\.m2\repository\com\carrotsearch\hppc\0.8.1\hppc-0.8.1.jar;C:\Users\unal.kayaduman\.m2\repository\org\lz4\lz4-java\1.8.0\lz4-java-1.8.0.jar;C:\Users\unal.kayaduman\.m2\repository\joda-time\joda-time\2.10.10\joda-time-2.10.10.jar;C:\Users\unal.kayaduman\.m2\repository\com\tdunning\t-digest\3.2\t-digest-3.2.jar;C:\Users\unal.kayaduman\.m2\repository\org\hdrhistogram\HdrHistogram\2.1.9\HdrHistogram-2.1.9.jar;C:\Users\unal.kayaduman\.m2\repository\org\elasticsearch\jna\5.7.0-1\jna-5.7.0-1.jar;C:\Users\unal.kayaduman\.m2\repository\org\elasticsearch\elasticsearch-plugin-classloader\7.15.2\elasticsearch-plugin-classloader-7.15.2.jar;C:\Users\unal.kayaduman\.m2\repository\org\elasticsearch\client\elasticsearch-rest-client\7.15.2\elasticsearch-rest-client-7.15.2.jar;C:\Users\unal.kayaduman\.m2\repository\org\apache\httpcomponents\httpclient\4.5.13\httpclient-4.5.13.jar;C:\Users\unal.kayaduman\.m2\repository\org\apache\httpcomponents\httpcore\4.4.14\httpcore-4.4.14.jar;C:\Users\unal.kayaduman\.m2\repository\org\apache\httpcomponents\httpasyncclient\4.1.4\httpasyncclient-4.1.4.jar;C:\Users\unal.kayaduman\.m2\repository\org\apache\httpcomponents\httpcore-nio\4.4.14\httpcore-nio-4.4.14.jar;C:\Users\unal.kayaduman\.m2\repository\commons-codec\commons-codec\1.15\commons-codec-1.15.jar;C:\Users\unal.kayaduman\.m2\repository\org\elasticsearch\plugin\mapper-extras-client\7.15.2\mapper-extras-client-7.15.2.jar;C:\Users\unal.kayaduman\.m2\repository\org\elasticsearch\plugin\parent-join-client\7.15.2\parent-join-client-7.15.2.jar;C:\Users\unal.kayaduman\.m2\repository\org\elasticsearch\plugin\aggs-matrix-stats-client\7.15.2\aggs-matrix-stats-client-7.15.2.jar;C:\Users\unal.kayaduman\.m2\repository\org\elasticsearch\plugin\rank-eval-client\7.15.2\rank-eval-client-7.15.2.jar;C:\Users\unal.kayaduman\.m2\repository\org\elasticsearch\plugin\lang-mustache-client\7.15.2\lang-mustache-client-7.15.2.jar;C:\Users\unal.kayaduman\.m2\repository\com\github\spullara\mustache\java\compiler\0.9.6\compiler-0.9.6.jar;C:\Users\unal.kayaduman\.m2\repository\com\fasterxml\jackson\core\jackson-core\2.13.0\jackson-core-2.13.0.jar;C:\Users\unal.kayaduman\.m2\repository\com\fasterxml\jackson\core\jackson-databind\2.13.0\jackson-databind-2.13.0.jar;C:\Users\unal.kayaduman\.m2\repository\com\fasterxml\jackson\core\jackson-annotations\2.13.0\jackson-annotations-2.13.0.jar;C:\Users\unal.kayaduman\.m2\repository\org\slf4j\slf4j-api\1.7.32\slf4j-api-1.7.32.jar;C:\Users\unal.kayaduman\.m2\repository\org\springframework\boot\spring-boot-starter-web\2.6.1\spring-boot-starter-web-2.6.1.jar;C:\Users\unal.kayaduman\.m2\repository\org\springframework\boot\spring-boot-starter-json\2.6.1\spring-boot-starter-json-2.6.1.jar;C:\Users\unal.kayaduman\.m2\repository\com\fasterxml\jackson\datatype\jackson-datatype-jdk8\2.13.0\jackson-datatype-jdk8-2.13.0.jar;C:\Users\unal.kayaduman\.m2\repository\com\fasterxml\jackson\datatype\jackson-datatype-jsr310\2.13.0\jackson-datatype-jsr310-2.13.0.jar;C:\Users\unal.kayaduman\.m2\repository\com\fasterxml\jackson\module\jackson-module-parameter-names\2.13.0\jackson-module-parameter-names-2.13.0.jar;C:\Users\unal.kayaduman\.m2\repository\org\springframework\boot\spring-boot-starter-tomcat\2.6.1\spring-boot-starter-tomcat-2.6.1.jar;C:\Users\unal.kayaduman\.m2\repository\org\apache\tomcat\embed\tomcat-embed-core\9.0.55\tomcat-embed-core-9.0.55.jar;C:\Users\unal.kayaduman\.m2\repository\org\apache\tomcat\embed\tomcat-embed-el\9.0.55\tomcat-embed-el-9.0.55.jar;C:\Users\unal.kayaduman\.m2\repository\org\apache\tomcat\embed\tomcat-embed-websocket\9.0.55\tomcat-embed-websocket-9.0.55.jar;C:\Users\unal.kayaduman\.m2\repository\org\springframework\spring-web\5.3.13\spring-web-5.3.13.jar;C:\Users\unal.kayaduman\.m2\repository\org\springframework\spring-beans\5.3.13\spring-beans-5.3.13.jar;C:\Users\unal.kayaduman\.m2\repository\org\springframework\spring-webmvc\5.3.13\spring-webmvc-5.3.13.jar;C:\Users\unal.kayaduman\.m2\repository\org\springframework\spring-aop\5.3.13\spring-aop-5.3.13.jar;C:\Users\unal.kayaduman\.m2\repository\org\springframework\spring-expression\5.3.13\spring-expression-5.3.13.jar;C:\Users\unal.kayaduman\.m2\repository\org\projectlombok\lombok\1.18.22\lombok-1.18.22.jar;C:\Users\unal.kayaduman\.m2\repository\org\springframework\boot\spring-boot-starter-test\2.6.1\spring-boot-starter-test-2.6.1.jar;C:\Users\unal.kayaduman\.m2\repository\org\springframework\boot\spring-boot-test\2.6.1\spring-boot-test-2.6.1.jar;C:\Users\unal.kayaduman\.m2\repository\org\springframework\boot\spring-boot-test-autoconfigure\2.6.1\spring-boot-test-autoconfigure-2.6.1.jar;C:\Users\unal.kayaduman\.m2\repository\com\jayway\jsonpath\json-path\2.6.0\json-path-2.6.0.jar;C:\Users\unal.kayaduman\.m2\repository\net\minidev\json-smart\2.4.7\json-smart-2.4.7.jar;C:\Users\unal.kayaduman\.m2\repository\net\minidev\accessors-smart\2.4.7\accessors-smart-2.4.7.jar;C:\Users\unal.kayaduman\.m2\repository\org\ow2\asm\asm\9.1\asm-9.1.jar;C:\Users\unal.kayaduman\.m2\repository\jakarta\xml\bind\jakarta.xml.bind-api\2.3.3\jakarta.xml.bind-api-2.3.3.jar;C:\Users\unal.kayaduman\.m2\repository\jakarta\activation\jakarta.activation-api\1.2.2\jakarta.activation-api-1.2.2.jar;C:\Users\unal.kayaduman\.m2\repository\org\assertj\assertj-core\3.21.0\assertj-core-3.21.0.jar;C:\Users\unal.kayaduman\.m2\repository\org\hamcrest\hamcrest\2.2\hamcrest-2.2.jar;C:\Users\unal.kayaduman\.m2\repository\org\junit\jupiter\junit-jupiter\5.8.1\junit-jupiter-5.8.1.jar;C:\Users\unal.kayaduman\.m2\repository\org\junit\jupiter\junit-jupiter-api\5.8.1\junit-jupiter-api-5.8.1.jar;C:\Users\unal.kayaduman\.m2\repository\org\opentest4j\opentest4j\1.2.0\opentest4j-1.2.0.jar;C:\Users\unal.kayaduman\.m2\repository\org\junit\platform\junit-platform-commons\1.8.1\junit-platform-commons-1.8.1.jar;C:\Users\unal.kayaduman\.m2\repository\org\apiguardian\apiguardian-api\1.1.2\apiguardian-api-1.1.2.jar;C:\Users\unal.kayaduman\.m2\repository\org\junit\jupiter\junit-jupiter-params\5.8.1\junit-jupiter-params-5.8.1.jar;C:\Users\unal.kayaduman\.m2\repository\org\junit\jupiter\junit-jupiter-engine\5.8.1\junit-jupiter-engine-5.8.1.jar;C:\Users\unal.kayaduman\.m2\repository\org\junit\platform\junit-platform-engine\1.8.1\junit-platform-engine-1.8.1.jar;C:\Users\unal.kayaduman\.m2\repository\org\mockito\mockito-core\4.0.0\mockito-core-4.0.0.jar;C:\Users\unal.kayaduman\.m2\repository\net\bytebuddy\byte-buddy\1.11.22\byte-buddy-1.11.22.jar;C:\Users\unal.kayaduman\.m2\repository\net\bytebuddy\byte-buddy-agent\1.11.22\byte-buddy-agent-1.11.22.jar;C:\Users\unal.kayaduman\.m2\repository\org\objenesis\objenesis\3.2\objenesis-3.2.jar;C:\Users\unal.kayaduman\.m2\repository\org\mockito\mockito-junit-jupiter\4.0.0\mockito-junit-jupiter-4.0.0.jar;C:\Users\unal.kayaduman\.m2\repository\org\skyscreamer\jsonassert\1.5.0\jsonassert-1.5.0.jar;C:\Users\unal.kayaduman\.m2\repository\com\vaadin\external\google\android-json\0.0.20131108.vaadin1\android-json-0.0.20131108.vaadin1.jar;C:\Users\unal.kayaduman\.m2\repository\org\springframework\spring-core\5.3.13\spring-core-5.3.13.jar;C:\Users\unal.kayaduman\.m2\repository\org\springframework\spring-jcl\5.3.13\spring-jcl-5.3.13.jar;C:\Users\unal.kayaduman\.m2\repository\org\springframework\spring-test\5.3.13\spring-test-5.3.13.jar;C:\Users\unal.kayaduman\.m2\repository\org\xmlunit\xmlunit-core\2.8.3\xmlunit-core-2.8.3.jar;"/>
    <property name="sun.cpu.endian" value="little"/>
    <property name="user.home" value="C:\Users\unal.kayaduman"/>
    <property name="user.language" value="en"/>
    <property name="java.specification.vendor" value="Oracle Corporation"/>
    <property name="java.version.date" value="2021-04-20"/>
    <property name="java.home" value="C:\Program Files\Java\jdk-11.0.11"/>
    <property name="file.separator" value="\"/>
    <property name="basedir" value="C:\dev\eclipse-workspace\elasticsearch"/>
    <property name="java.vm.compressedOopsMode" value="Zero based"/>
    <property name="line.separator" value="&#10;"/>
    <property name="java.specification.name" value="Java Platform API Specification"/>
    <property name="java.vm.specification.vendor" value="Oracle Corporation"/>
    <property name="java.awt.graphicsenv" value="sun.awt.Win32GraphicsEnvironment"/>
    <property name="surefire.real.class.path" value="C:\Users\UNAL~1.KAY\AppData\Local\Temp\surefire12757746484062877901\surefirebooter4900542857911001444.jar"/>
    <property name="user.script" value=""/>
    <property name="sun.management.compiler" value="HotSpot 64-Bit Tiered Compilers"/>
    <property name="java.runtime.version" value="11.0.11+9-LTS-194"/>
    <property name="user.name" value="unal.kayaduman"/>
    <property name="path.separator" value=";"/>
    <property name="os.version" value="10.0"/>
    <property name="java.runtime.name" value="Java(TM) SE Runtime Environment"/>
    <property name="file.encoding" value="Cp1252"/>
    <property name="java.vm.name" value="Java HotSpot(TM) 64-Bit Server VM"/>
    <property name="java.vendor.version" value="18.9"/>
    <property name="localRepository" value="C:\Users\unal.kayaduman\.m2\repository"/>
    <property name="java.vendor.url.bug" value="https://bugreport.java.com/bugreport/"/>
    <property name="java.io.tmpdir" value="C:\Users\UNAL~1.KAY\AppData\Local\Temp\"/>
    <property name="java.version" value="11.0.11"/>
    <property name="user.dir" value="C:\dev\eclipse-workspace\elasticsearch"/>
    <property name="os.arch" value="amd64"/>
    <property name="java.vm.specification.name" value="Java Virtual Machine Specification"/>
    <property name="java.awt.printerjob" value="sun.awt.windows.WPrinterJob"/>
    <property name="sun.os.patch.level" value=""/>
    <property name="java.library.path" value="C:\Program Files\Java\jdk-11.0.11\bin;C:\Windows\Sun\Java\bin;C:\Windows\system32;C:\Windows;C:\Users\unal.kayaduman\Anaconda3\condabin;C:/Users/unal.kayaduman/.p2/pool/plugins/org.eclipse.justj.openjdk.hotspot.jre.full.win32.x86_64_16.0.2.v20210721-1149/jre/bin/server;C:/Users/unal.kayaduman/.p2/pool/plugins/org.eclipse.justj.openjdk.hotspot.jre.full.win32.x86_64_16.0.2.v20210721-1149/jre/bin;C:\Program Files\Common Files\Oracle\Java\javapath;C:\Program Files (x86)\Common Files\Oracle\Java\javapath;C:\Windows\system32;C:\Windows;C:\Windows\System32\Wbem;C:\Windows\System32\WindowsPowerShell\v1.0\;C:\Windows\System32\OpenSSH\;C:\Program Files (x86)\Enterprise Vault\EVClient\x64\;C:\Program Files\avs\bin;C:\Program Files\avs\bin32;C:\Program Files\PuTTY\;C:\Program Files (x86)\NVIDIA Corporation\PhysX\Common;C:\Program Files\nodejs\;C:\app\product\instantclient_12_1;;C:\Program Files\Docker\Docker\resources\bin;C:\ProgramData\DockerDesktop\version-bin;C:\Users\unal.kayaduman\AppData\Local\Microsoft\WindowsApps;C:\Users\unal.kayaduman\AppData\Local\Programs\Microsoft VS Code\bin;C:\Users\unal.kayaduman\AppData\Roaming\npm;C:\Users\unal.kayaduman\AppData\Local\GitHubDesktop\bin;C:\Program Files\nodejs;C:\Program Files\Git\mingw64\bin;C:\Users\unal.kayaduman\Anaconda3\Scripts\;C:\Users\unal.kayaduman\Anaconda3\Library\bin\;C:\Users\unal.kayaduman\Anaconda3\Library\;C:\uk\apps\Google\Cloud SDK\google-cloud-sdk\bin;C:\Users\unal.kayaduman\eclipse\java-2021-06\eclipse;;."/>
    <property name="java.vendor" value="Oracle Corporation"/>
    <property name="java.vm.info" value="mixed mode"/>
    <property name="java.vm.version" value="11.0.11+9-LTS-194"/>
    <property name="sun.io.unicode.encoding" value="UnicodeLittle"/>
    <property name="java.class.version" value="55.0"/>
  </properties>
  <testcase name="contextLoads" classname="com.uk.elasticsearch.ElasticsearchApplicationTests" time="0.722"/>
</testsuite>